2025-10-04 20:58:06 [[33mWARNING[0m] airbnb_webapp.api:log_api_access:186 - GET /favicon.ico -> 404 (5.00ms)
2025-10-04 21:48:14 [[32mINFO[0m] airbnb_webapp.api:log_api_access:186 - GET /bookings/912 -> 200 (149.00ms)
2025-10-04 21:48:14 [[33mWARNING[0m] airbnb_webapp.security:log_security_event:166 - Security event: csrf_validation_failed (FAILED)
2025-10-04 21:56:25 [[32mINFO[0m] airbnb_webapp.api:log_api_access:186 - GET /bookings/99999/room-assignment -> 200 (171.00ms)
2025-10-04 21:56:25 [[33mWARNING[0m] airbnb_webapp.security:log_security_event:166 - Security event: csrf_validation_failed (FAILED)
2025-10-04 21:57:41 [[32mINFO[0m] airbnb_webapp.api:log_api_access:186 - GET /bookings/912 -> 200 (11.00ms)
2025-10-04 21:57:41 [[33mWARNING[0m] airbnb_webapp.security:log_security_event:166 - Security event: csrf_validation_failed (FAILED)
2025-10-04 21:57:42 [[32mINFO[0m] airbnb_webapp.api:log_api_access:186 - GET /bookings/99999/room-assignment -> 200 (12.00ms)
2025-10-04 21:57:42 [[33mWARNING[0m] airbnb_webapp.security:log_security_event:166 - Security event: csrf_validation_failed (FAILED)
2025-10-04 22:38:53 [[32mINFO[0m] airbnb_webapp.api:log_api_access:186 - GET / -> 200 (47.00ms)
2025-10-04 22:39:03 [[32mINFO[0m] airbnb_webapp.api:log_api_access:186 - GET /bookings -> 200 (121.23ms)
2025-10-04 22:39:08 [[33mWARNING[0m] airbnb_webapp.api:log_api_access:186 - GET /reports/monthly -> 500 (8.15ms)
2025-10-04 22:39:13 [[32mINFO[0m] airbnb_webapp.api:log_api_access:186 - GET /salespeople -> 200 (18.16ms)
2025-10-04 22:39:17 [[32mINFO[0m] airbnb_webapp.api:log_api_access:186 - GET /calendar -> 200 (14.00ms)
2025-10-04 22:39:23 [[32mINFO[0m] airbnb_webapp.api:log_api_access:186 - GET /buildings -> 200 (18.00ms)
2025-10-04 22:41:01 [[32mINFO[0m] airbnb_webapp.api:log_api_access:186 - GET /health -> 200 (16.98ms)
2025-10-04 22:41:11 [[32mINFO[0m] airbnb_webapp.api:log_api_access:186 - GET / -> 200 (37.00ms)
2025-10-04 22:41:50 [[32mINFO[0m] airbnb_webapp.api:log_api_access:186 - GET /bookings -> 200 (83.97ms)
2025-10-04 22:42:43 [[32mINFO[0m] airbnb_webapp.api:log_api_access:186 - GET /bookings/912 -> 200 (11.98ms)
2025-10-04 22:42:43 [[33mWARNING[0m] airbnb_webapp.security:log_security_event:166 - Security event: csrf_validation_failed (FAILED)
2025-10-04 22:42:43 [[32mINFO[0m] airbnb_webapp.api:log_api_access:186 - GET /bookings/99999/room-assignment -> 200 (27.97ms)
2025-10-04 22:42:43 [[33mWARNING[0m] airbnb_webapp.security:log_security_event:166 - Security event: csrf_validation_failed (FAILED)
2025-10-04 22:43:18 [[33mWARNING[0m] airbnb_webapp.api:log_api_access:186 - GET /reports/monthly -> 500 (9.03ms)
2025-10-04 22:43:21 [[32mINFO[0m] airbnb_webapp.api:log_api_access:186 - GET /bookings -> 200 (38.00ms)
2025-10-04 22:43:24 [[32mINFO[0m] airbnb_webapp.api:log_api_access:186 - GET /salespeople -> 200 (26.35ms)
2025-10-04 22:43:25 [[32mINFO[0m] airbnb_webapp.api:log_api_access:186 - GET /calendar -> 200 (3.00ms)
2025-10-04 22:43:28 [[32mINFO[0m] airbnb_webapp.api:log_api_access:186 - GET /expenses/ledger -> 200 (8.00ms)
2025-10-04 22:43:28 [[32mINFO[0m] airbnb_webapp.api:log_api_access:186 - GET /expenses -> 200 (182.00ms)
2025-10-04 22:50:44 [[32mINFO[0m] airbnb_webapp.api:log_api_access:186 - GET /health -> 200 (68.34ms)
2025-10-04 22:52:31 [[33mWARNING[0m] airbnb_webapp.api:log_api_access:186 - GET /reports/monthly -> 500 (1229.66ms)
2025-10-04 22:59:40 [[32mINFO[0m] airbnb_webapp.api:log_api_access:186 - GET /health -> 200 (83.97ms)
2025-10-04 23:11:42 [[32mINFO[0m] airbnb_webapp.api:log_api_access:186 - GET /health -> 200 (63.00ms)
2025-10-04 23:11:42 [[33mWARNING[0m] airbnb_webapp.api:log_api_access:186 - GET /favicon.ico -> 404 (16.00ms)
2025-10-04 23:11:55 [[32mINFO[0m] airbnb_webapp.api:log_api_access:186 - GET /health -> 200 (23.38ms)
2025-10-04 23:12:32 [[32mINFO[0m] airbnb_webapp.api:log_api_access:186 - GET /health -> 200 (33.03ms)
2025-10-04 23:12:43 [[32mINFO[0m] airbnb_webapp.api:log_api_access:186 - GET / -> 200 (127.00ms)
2025-10-04 23:13:59 [[32mINFO[0m] airbnb_webapp.api:log_api_access:186 - GET /health -> 200 (22.21ms)
2025-10-04 23:33:56 [[32mINFO[0m] airbnb_webapp.api:log_api_access:186 - GET /health -> 200 (170.00ms)
2025-10-04 23:34:59 [[32mINFO[0m] airbnb_webapp.api:log_api_access:186 - GET /health -> 200 (32.11ms)
2025-10-04 23:35:08 [[32mINFO[0m] airbnb_webapp.api:log_api_access:186 - GET /health -> 200 (14.00ms)
2025-10-04 23:35:11 [[32mINFO[0m] airbnb_webapp.api:log_api_access:186 - GET /health -> 200 (944.00ms)
2025-10-04 23:35:13 [[32mINFO[0m] airbnb_webapp.api:log_api_access:186 - GET /health -> 200 (16.01ms)
2025-10-04 23:35:48 [[32mINFO[0m] airbnb_webapp.api:log_api_access:186 - GET /health -> 200 (21.00ms)
2025-10-04 23:35:50 [[32mINFO[0m] airbnb_webapp.api:log_api_access:186 - GET / -> 200 (118.89ms)
2025-10-04 23:35:52 [[32mINFO[0m] airbnb_webapp.api:log_api_access:186 - GET /bookings -> 200 (127.10ms)
2025-10-04 23:43:19 [[32mINFO[0m] airbnb_webapp.api:log_api_access:186 - GET /health -> 200 (111.41ms)
2025-10-04 23:43:21 [[32mINFO[0m] airbnb_webapp.api:log_api_access:186 - GET / -> 200 (63.53ms)
2025-10-04 23:43:24 [[32mINFO[0m] airbnb_webapp.api:log_api_access:186 - GET /bookings -> 200 (52.94ms)
2025-10-04 23:45:07 [[32mINFO[0m] airbnb_webapp.api:log_api_access:186 - GET /health -> 200 (32.01ms)
2025-10-04 23:45:15 [[32mINFO[0m] airbnb_webapp.api:log_api_access:186 - GET /health -> 200 (23.94ms)
2025-10-04 23:58:55 [[32mINFO[0m] airbnb_webapp.api:log_api_access:186 - GET /health -> 200 (238.17ms)
2025-10-04 23:58:58 [[32mINFO[0m] airbnb_webapp.api:log_api_access:186 - GET / -> 200 (139.36ms)
2025-10-04 23:59:00 [[32mINFO[0m] airbnb_webapp.api:log_api_access:186 - GET /bookings -> 200 (31.00ms)
2025-10-04 23:59:00 [[32mINFO[0m] airbnb_webapp.api:log_api_access:186 - GET /bookings/912 -> 200 (47.00ms)
2025-10-04 23:59:00 [[33mWARNING[0m] airbnb_webapp.security:log_security_event:166 - Security event: csrf_validation_failed (FAILED)
2025-10-04 23:59:00 [[32mINFO[0m] airbnb_webapp.api:log_api_access:186 - GET /bookings/99999/room-assignment -> 200 (18.00ms)
2025-10-04 23:59:00 [[33mWARNING[0m] airbnb_webapp.security:log_security_event:166 - Security event: csrf_validation_failed (FAILED)
2025-10-05 00:10:18 [[32mINFO[0m] airbnb_webapp.api:log_api_access:186 - GET /health -> 200 (358.00ms)
2025-10-05 00:10:20 [[32mINFO[0m] airbnb_webapp.api:log_api_access:186 - GET / -> 200 (87.00ms)
2025-10-05 00:10:22 [[32mINFO[0m] airbnb_webapp.api:log_api_access:186 - GET /bookings -> 200 (71.00ms)
2025-10-05 00:10:22 [[32mINFO[0m] airbnb_webapp.api:log_api_access:186 - GET /bookings/912 -> 200 (40.33ms)
2025-10-05 00:10:22 [[33mWARNING[0m] airbnb_webapp.security:log_security_event:166 - Security event: csrf_validation_failed (FAILED)
2025-10-05 00:10:23 [[32mINFO[0m] airbnb_webapp.api:log_api_access:186 - GET /bookings/99999/room-assignment -> 200 (33.00ms)
2025-10-05 00:10:23 [[33mWARNING[0m] airbnb_webapp.security:log_security_event:166 - Security event: csrf_validation_failed (FAILED)
2025-10-05 00:11:17 [[32mINFO[0m] airbnb_webapp.api:log_api_access:186 - GET /analytics -> 200 (381.00ms)
2025-10-05 00:11:18 [[33mWARNING[0m] airbnb_webapp.api:log_api_access:186 - GET /api/analytics/dashboard -> 403 (18.01ms)
2025-10-05 00:11:36 [[32mINFO[0m] airbnb_webapp.api:log_api_access:186 - GET / -> 200 (14.00ms)
2025-10-05 00:11:39 [[33mWARNING[0m] airbnb_webapp.api:log_api_access:186 - GET /reports/monthly -> 500 (21.04ms)
2025-10-05 00:12:04 [[32mINFO[0m] airbnb_webapp.api:log_api_access:186 - GET /health -> 200 (22.01ms)
2025-10-05 00:12:12 [[32mINFO[0m] airbnb_webapp.api:log_api_access:186 - GET /analytics -> 200 (1.00ms)
2025-10-05 00:12:21 [[32mINFO[0m] airbnb_webapp.api:log_api_access:186 - GET /analytics -> 200 (4.00ms)
2025-10-05 00:12:21 [[33mWARNING[0m] airbnb_webapp.api:log_api_access:186 - GET /api/analytics/dashboard -> 403 (2.00ms)
2025-10-05 00:12:43 [[32mINFO[0m] airbnb_webapp.api:log_api_access:186 - GET /analytics -> 200 (1.03ms)
2025-10-05 00:13:05 [[32mINFO[0m] airbnb_webapp.api:log_api_access:186 - GET / -> 200 (12.00ms)
2025-10-05 00:13:16 [[32mINFO[0m] airbnb_webapp.api:log_api_access:186 - GET /buildings -> 200 (1825.66ms)
2025-10-05 00:13:46 [[32mINFO[0m] airbnb_webapp.api:log_api_access:186 - GET /analytics -> 200 (2.00ms)
2025-10-05 00:14:18 [[32mINFO[0m] airbnb_webapp.api:log_api_access:186 - GET /analytics -> 200 (9.05ms)
2025-10-05 00:14:19 [[33mWARNING[0m] airbnb_webapp.api:log_api_access:186 - GET /api/analytics/dashboard -> 403 (11.04ms)
